[  7%] [34m[1mAutomatic MOC and UIC for target cw_serv[0m
[  7%] Built target cw_serv_autogen
[ 15%] [32mBuilding CXX object CMakeFiles/cw_serv.dir/cw_serv_autogen/mocs_compilation.cpp.o[0m
[ 23%] [32mBuilding CXX object CMakeFiles/cw_serv.dir/src/actions/ActionServer.cpp.o[0m
[ 30%] [32mBuilding CXX object CMakeFiles/cw_serv.dir/src/modules/Logger.cpp.o[0m
[ 38%] [32mBuilding CXX object CMakeFiles/cw_serv.dir/src/main.cpp.o[0m
[ 46%] [32mBuilding CXX object CMakeFiles/cw_serv.dir/src/modules/Module.cpp.o[0m
[ 53%] [32mBuilding CXX object CMakeFiles/cw_serv.dir/src/modules/TCPServer.cpp.o[0m
[01m[K/home/dlyvern/Projects/Dragonfly/cw_serv_ws/src/cw_serv/src/actions/ActionServer.cpp:[m[K In member function â€˜[01m[Kvoid ActionServer::HandleAcceptedGoal(std::shared_ptr<rclcpp_action::ServerGoalHandle<action_interface::action::Cmd> >)[m[Kâ€™:
[01m[K/home/dlyvern/Projects/Dragonfly/cw_serv_ws/src/cw_serv/src/actions/ActionServer.cpp:79:126:[m[K [01;35m[Kwarning: [m[Kunused parameter â€˜[01m[Kgoal_handle[m[Kâ€™ [[01;35m[K]8;;https://gcc.gnu.org/onlinedocs/gcc/Warning-Options.html#index-Wunused-parameter-Wunused-parameter]8;;[m[K]
   79 | void ActionServer::HandleAcceptedGoal([01;35m[Kconst std::shared_ptr< rclcpp_action::ServerGoalHandle<action_interface::action::Cmd>> goal_handle[m[K)
      |                                       [01;35m[K~~~~~~~~~~~~~~~~~~~~~~~~~~~~~~~~~~~~~~~~~~~~~~~~~~~~~~~~~~~~~~~~~~~~~~~~~~~~~~~~~~~~~~~^~~~~~~~~~~[m[K
In file included from [01m[K/home/dlyvern/Projects/Dragonfly/cw_serv_ws/src/cw_serv/src/modules/Module.cpp:1[m[K:
[01m[K/home/dlyvern/Projects/Dragonfly/cw_serv_ws/src/cw_serv/include/cw_serv/modules/Module.hpp:86:12:[m[K [01;31m[Kerror: [m[KISO C++ forbids declaration of â€˜[01m[KAddModule[m[Kâ€™ with no type [[01;31m[K]8;;https://gcc.gnu.org/onlinedocs/gcc/Warning-Options.html#index-fpermissive-fpermissive]8;;[m[K]
   86 |     static [01;31m[KAddModule[m[K(const std::shared_ptr<Module>&module);
      |            [01;31m[K^~~~~~~~~[m[K
[01m[K/home/dlyvern/Projects/Dragonfly/cw_serv_ws/src/cw_serv/src/modules/Module.cpp:[m[K In static member function â€˜[01m[Kstatic int Module::AddModule(const std::shared_ptr<Module>&)[m[Kâ€™:
[01m[K/home/dlyvern/Projects/Dragonfly/cw_serv_ws/src/cw_serv/src/modules/Module.cpp:151:1:[m[K [01;35m[Kwarning: [m[Kno return statement in function returning non-void [[01;35m[K]8;;https://gcc.gnu.org/onlinedocs/gcc/Warning-Options.html#index-Wreturn-type-Wreturn-type]8;;[m[K]
  151 | [01;35m[K}[m[K
      | [01;35m[K^[m[K
In file included from [01m[K/home/dlyvern/Projects/Dragonfly/cw_serv_ws/src/cw_serv/include/cw_serv/modules/TCPServer.hpp:7[m[K,
                 from [01m[K/home/dlyvern/Projects/Dragonfly/cw_serv_ws/src/cw_serv/src/modules/TCPServer.cpp:1[m[K:
[01m[K/home/dlyvern/Projects/Dragonfly/cw_serv_ws/src/cw_serv/include/cw_serv/modules/Module.hpp:86:12:[m[K [01;31m[Kerror: [m[KISO C++ forbids declaration of â€˜[01m[KAddModule[m[Kâ€™ with no type [[01;31m[K]8;;https://gcc.gnu.org/onlinedocs/gcc/Warning-Options.html#index-fpermissive-fpermissive]8;;[m[K]
   86 |     static [01;31m[KAddModule[m[K(const std::shared_ptr<Module>&module);
      |            [01;31m[K^~~~~~~~~[m[K
In file included from [01m[K/home/dlyvern/Projects/Dragonfly/cw_serv_ws/src/cw_serv/include/cw_serv/modules/Logger.hpp:5[m[K,
                 from [01m[K/home/dlyvern/Projects/Dragonfly/cw_serv_ws/src/cw_serv/src/modules/Logger.cpp:1[m[K:
[01m[K/home/dlyvern/Projects/Dragonfly/cw_serv_ws/src/cw_serv/include/cw_serv/modules/Module.hpp:86:12:[m[K [01;31m[Kerror: [m[KISO C++ forbids declaration of â€˜[01m[KAddModule[m[Kâ€™ with no type [[01;31m[K]8;;https://gcc.gnu.org/onlinedocs/gcc/Warning-Options.html#index-fpermissive-fpermissive]8;;[m[K]
   86 |     static [01;31m[KAddModule[m[K(const std::shared_ptr<Module>&module);
      |            [01;31m[K^~~~~~~~~[m[K
In file included from [01m[K/home/dlyvern/Projects/Dragonfly/cw_serv_ws/src/cw_serv/include/cw_serv/modules/TCPServer.hpp:7[m[K,
                 from [01m[K/home/dlyvern/Projects/Dragonfly/cw_serv_ws/src/cw_serv/src/main.cpp:3[m[K:
[01m[K/home/dlyvern/Projects/Dragonfly/cw_serv_ws/src/cw_serv/include/cw_serv/modules/Module.hpp:86:12:[m[K [01;31m[Kerror: [m[KISO C++ forbids declaration of â€˜[01m[KAddModule[m[Kâ€™ with no type [[01;31m[K]8;;https://gcc.gnu.org/onlinedocs/gcc/Warning-Options.html#index-fpermissive-fpermissive]8;;[m[K]
   86 |     static [01;31m[KAddModule[m[K(const std::shared_ptr<Module>&module);
      |            [01;31m[K^~~~~~~~~[m[K
In file included from [01m[K/home/dlyvern/Projects/Dragonfly/cw_serv_ws/build/cw_serv/cw_serv_autogen/4XGV5CRBCI/../../../../src/cw_serv/include/cw_serv/modules/TCPServer.hpp:7[m[K,
                 from [01m[K/home/dlyvern/Projects/Dragonfly/cw_serv_ws/build/cw_serv/cw_serv_autogen/4XGV5CRBCI/moc_TCPServer.cpp:10[m[K,
                 from [01m[K/home/dlyvern/Projects/Dragonfly/cw_serv_ws/build/cw_serv/cw_serv_autogen/mocs_compilation.cpp:4[m[K:
[01m[K/home/dlyvern/Projects/Dragonfly/cw_serv_ws/build/cw_serv/cw_serv_autogen/4XGV5CRBCI/../../../../src/cw_serv/include/cw_serv/modules/Module.hpp:86:12:[m[K [01;31m[Kerror: [m[KISO C++ forbids declaration of â€˜[01m[KAddModule[m[Kâ€™ with no type [[01;31m[K]8;;https://gcc.gnu.org/onlinedocs/gcc/Warning-Options.html#index-fpermissive-fpermissive]8;;[m[K]
   86 |     static [01;31m[KAddModule[m[K(const std::shared_ptr<Module>&module);
      |            [01;31m[K^~~~~~~~~[m[K
gmake[2]: *** [CMakeFiles/cw_serv.dir/build.make:76: CMakeFiles/cw_serv.dir/cw_serv_autogen/mocs_compilation.cpp.o] Error 1
gmake[2]: *** Waiting for unfinished jobs....
gmake[2]: *** [CMakeFiles/cw_serv.dir/build.make:174: CMakeFiles/cw_serv.dir/src/modules/TCPServer.cpp.o] Error 1
gmake[2]: *** [CMakeFiles/cw_serv.dir/build.make:160: CMakeFiles/cw_serv.dir/src/modules/Module.cpp.o] Error 1
gmake[2]: *** [CMakeFiles/cw_serv.dir/build.make:90: CMakeFiles/cw_serv.dir/src/main.cpp.o] Error 1
gmake[2]: *** [CMakeFiles/cw_serv.dir/build.make:146: CMakeFiles/cw_serv.dir/src/modules/Logger.cpp.o] Error 1
gmake[1]: *** [CMakeFiles/Makefile2:138: CMakeFiles/cw_serv.dir/all] Error 2
gmake: *** [Makefile:146: all] Error 2
