[0.025s] Invoking command in '/home/dlyvern/Projects/Dragonfly/cw_serv_ws/build/cw_serv': AMENT_PREFIX_PATH=/home/dlyvern/Projects/Dragonfly/cw_serv_ws/install/action_interface:${AMENT_PREFIX_PATH} CMAKE_PREFIX_PATH=/home/dlyvern/Projects/Dragonfly/cw_serv_ws/install/action_interface:/opt/ros/humble LD_LIBRARY_PATH=/home/dlyvern/Projects/Dragonfly/cw_serv_ws/install/action_interface/lib:${LD_LIBRARY_PATH} PYTHONPATH=/home/dlyvern/Projects/Dragonfly/cw_serv_ws/install/action_interface/local/lib/python3.10/dist-packages:${PYTHONPATH} /usr/bin/cmake --build /home/dlyvern/Projects/Dragonfly/cw_serv_ws/build/cw_serv -- -j12 -l12
[0.056s] [  4%] [34m[1mAutomatic MOC and UIC for target cw_serv[0m
[0.335s] [  4%] Built target cw_serv_autogen
[0.363s] [35m[1mConsolidate compiler generated dependencies of target cw_serv[0m
[0.403s] [  8%] [32mBuilding CXX object CMakeFiles/cw_serv.dir/cw_serv_autogen/mocs_compilation.cpp.o[0m
[0.404s] [ 13%] [32mBuilding CXX object CMakeFiles/cw_serv.dir/src/main.cpp.o[0m
[0.404s] [ 17%] [32mBuilding CXX object CMakeFiles/cw_serv.dir/src/modules/Robot.cpp.o[0m
[0.405s] [ 21%] [32mBuilding CXX object CMakeFiles/cw_serv.dir/src/MainNode.cpp.o[0m
[2.645s] [01m[K/home/dlyvern/Projects/Dragonfly/cw_serv_ws/src/cw_serv/src/modules/Robot.cpp:[m[K In constructor â€˜[01m[KRobot::Robot(const string&, QObject*)[m[Kâ€™:
[2.645s] [01m[K/home/dlyvern/Projects/Dragonfly/cw_serv_ws/src/cw_serv/src/modules/Robot.cpp:3:98:[m[K [01;35m[Kwarning: [m[Kbase â€˜[01m[KModule[m[Kâ€™ will be initialized after [[01;35m[K]8;;https://gcc.gnu.org/onlinedocs/gcc/Warning-Options.html#index-Wreorder-Wreorder]8;;[m[K]
[2.645s]     3 | Robot::Robot(const std::string &nameOfNode, QObject *parent) : Module(nameOfNode), QObject(parent[01;35m[K)[m[K
[2.645s]       |                                                                                                  [01;35m[K^[m[K
[2.645s] [01m[K/home/dlyvern/Projects/Dragonfly/cw_serv_ws/src/cw_serv/src/modules/Robot.cpp:3:98:[m[K [01;35m[Kwarning: [m[K  base â€˜[01m[KQObject[m[Kâ€™ [[01;35m[K]8;;https://gcc.gnu.org/onlinedocs/gcc/Warning-Options.html#index-Wreorder-Wreorder]8;;[m[K]
[2.645s] [01m[K/home/dlyvern/Projects/Dragonfly/cw_serv_ws/src/cw_serv/src/modules/Robot.cpp:3:1:[m[K [01;35m[Kwarning: [m[K  when initialized here [[01;35m[K]8;;https://gcc.gnu.org/onlinedocs/gcc/Warning-Options.html#index-Wreorder-Wreorder]8;;[m[K]
[2.645s]     3 | [01;35m[KRobot[m[K::Robot(const std::string &nameOfNode, QObject *parent) : Module(nameOfNode), QObject(parent)
[2.645s]       | [01;35m[K^~~~~[m[K
[2.676s] [01m[K/home/dlyvern/Projects/Dragonfly/cw_serv_ws/src/cw_serv/src/modules/Robot.cpp:[m[K In member function â€˜[01m[Kstd::pair<std::__cxx11::basic_string<char>, bool> Robot::Enable(RunParameters&)[m[Kâ€™:
[2.677s] [01m[K/home/dlyvern/Projects/Dragonfly/cw_serv_ws/src/cw_serv/src/modules/Robot.cpp:48:59:[m[K [01;35m[Kwarning: [m[Kunused parameter â€˜[01m[KrunParameters[m[Kâ€™ [[01;35m[K]8;;https://gcc.gnu.org/onlinedocs/gcc/Warning-Options.html#index-Wunused-parameter-Wunused-parameter]8;;[m[K]
[2.677s]    48 | std::pair<std::string, bool> Robot::Enable([01;35m[KRunParameters& runParameters[m[K)
[2.677s]       |                                            [01;35m[K~~~~~~~~~~~~~~~^~~~~~~~~~~~~[m[K
[2.679s] [01m[K/home/dlyvern/Projects/Dragonfly/cw_serv_ws/src/cw_serv/src/modules/Robot.cpp:[m[K In member function â€˜[01m[Kstd::pair<std::__cxx11::basic_string<char>, bool> Robot::Disable(RunParameters&)[m[Kâ€™:
[2.679s] [01m[K/home/dlyvern/Projects/Dragonfly/cw_serv_ws/src/cw_serv/src/modules/Robot.cpp:64:59:[m[K [01;35m[Kwarning: [m[Kunused parameter â€˜[01m[KrunParameters[m[Kâ€™ [[01;35m[K]8;;https://gcc.gnu.org/onlinedocs/gcc/Warning-Options.html#index-Wunused-parameter-Wunused-parameter]8;;[m[K]
[2.679s]    64 | std::pair<std::string, bool>Robot::Disable([01;35m[KRunParameters& runParameters[m[K)
[2.679s]       |                                            [01;35m[K~~~~~~~~~~~~~~~^~~~~~~~~~~~~[m[K
[2.682s] [01m[K/home/dlyvern/Projects/Dragonfly/cw_serv_ws/src/cw_serv/src/modules/Robot.cpp:[m[K In member function â€˜[01m[Kstd::pair<std::__cxx11::basic_string<char>, bool> Robot::MoveToTower(RunParameters&)[m[Kâ€™:
[2.682s] [01m[K/home/dlyvern/Projects/Dragonfly/cw_serv_ws/src/cw_serv/src/modules/Robot.cpp:136:64:[m[K [01;35m[Kwarning: [m[Kunused parameter â€˜[01m[KrunParameters[m[Kâ€™ [[01;35m[K]8;;https://gcc.gnu.org/onlinedocs/gcc/Warning-Options.html#index-Wunused-parameter-Wunused-parameter]8;;[m[K]
[2.682s]   136 | std::pair<std::string, bool> Robot::MoveToTower([01;35m[KRunParameters& runParameters[m[K)
[2.682s]       |                                                 [01;35m[K~~~~~~~~~~~~~~~^~~~~~~~~~~~~[m[K
[2.683s] [01m[K/home/dlyvern/Projects/Dragonfly/cw_serv_ws/src/cw_serv/src/modules/Robot.cpp:[m[K In member function â€˜[01m[Kstd::pair<std::__cxx11::basic_string<char>, bool> Robot::LongTest(RunParameters&)[m[Kâ€™:
[2.683s] [01m[K/home/dlyvern/Projects/Dragonfly/cw_serv_ws/src/cw_serv/src/modules/Robot.cpp:151:61:[m[K [01;35m[Kwarning: [m[Kunused parameter â€˜[01m[KrunParameters[m[Kâ€™ [[01;35m[K]8;;https://gcc.gnu.org/onlinedocs/gcc/Warning-Options.html#index-Wunused-parameter-Wunused-parameter]8;;[m[K]
[2.683s]   151 | std::pair<std::string, bool> Robot::LongTest([01;35m[KRunParameters &runParameters[m[K)
[2.683s]       |                                              [01;35m[K~~~~~~~~~~~~~~~^~~~~~~~~~~~~[m[K
[3.115s] In file included from [01m[K/home/dlyvern/Projects/Dragonfly/cw_serv_ws/build/cw_serv/cw_serv_autogen/mocs_compilation.cpp:6[m[K:
[3.115s] [01m[K/home/dlyvern/Projects/Dragonfly/cw_serv_ws/build/cw_serv/cw_serv_autogen/4XGV5CRBCI/moc_TCPServer.cpp:91:42:[m[K [01;31m[Kerror: [m[Kâ€˜[01m[KstaticMetaObject[m[Kâ€™ is not a member of â€˜[01m[KModule[m[Kâ€™
[3.115s]    91 |     QMetaObject::SuperData::link<Module::[01;31m[KstaticMetaObject[m[K>(),
[3.115s]       |                                          [01;31m[K^~~~~~~~~~~~~~~~[m[K
[3.115s] [01m[K/home/dlyvern/Projects/Dragonfly/cw_serv_ws/build/cw_serv/cw_serv_autogen/4XGV5CRBCI/moc_TCPServer.cpp:91:59:[m[K [01;31m[Kerror: [m[Kno matching function for call to â€˜[01m[KQMetaObject::SuperData::link<<expression error> >()[m[Kâ€™
[3.115s]    91 |     [01;31m[KQMetaObject::SuperData::link<Module::staticMetaObject>()[m[K,
[3.115s]       |     [01;31m[K~~~~~~~~~~~~~~~~~~~~~~~~~~~~~~~~~~~~~~~~~~~~~~~~~~~~~~^~[m[K
[3.115s] In file included from [01m[K/usr/include/x86_64-linux-gnu/qt5/QtCore/qobject.h:46[m[K,
[3.115s]                  from [01m[K/usr/include/x86_64-linux-gnu/qt5/QtCore/qtimer.h:48[m[K,
[3.115s]                  from [01m[K/usr/include/x86_64-linux-gnu/qt5/QtCore/QTimer:1[m[K,
[3.115s]                  from [01m[K/home/dlyvern/Projects/Dragonfly/cw_serv_ws/build/cw_serv/cw_serv_autogen/4XGV5CRBCI/../../../../src/cw_serv/include/cw_serv/modules/Robot.hpp:9[m[K,
[3.115s]                  from [01m[K/home/dlyvern/Projects/Dragonfly/cw_serv_ws/build/cw_serv/cw_serv_autogen/4XGV5CRBCI/moc_Robot.cpp:10[m[K,
[3.115s]                  from [01m[K/home/dlyvern/Projects/Dragonfly/cw_serv_ws/build/cw_serv/cw_serv_autogen/mocs_compilation.cpp:2[m[K:
[3.116s] [01m[K/usr/include/x86_64-linux-gnu/qt5/QtCore/qobjectdefs.h:599:69:[m[K [01;36m[Knote: [m[Kcandidate: â€˜[01m[Ktemplate<const QMetaObject& MO> static constexpr QMetaObject::SuperData QMetaObject::SuperData::link()[m[Kâ€™
[3.116s]   599 |         template <const QMetaObject &MO> static constexpr SuperData [01;36m[Klink[m[K()
[3.116s]       |                                                                     [01;36m[K^~~~[m[K
[3.116s] [01m[K/usr/include/x86_64-linux-gnu/qt5/QtCore/qobjectdefs.h:599:69:[m[K [01;36m[Knote: [m[K  template argument deduction/substitution failed:
[3.116s] In file included from [01m[K/home/dlyvern/Projects/Dragonfly/cw_serv_ws/build/cw_serv/cw_serv_autogen/mocs_compilation.cpp:6[m[K:
[3.116s] [01m[K/home/dlyvern/Projects/Dragonfly/cw_serv_ws/build/cw_serv/cw_serv_autogen/4XGV5CRBCI/moc_TCPServer.cpp:91:59:[m[K [01;31m[Kerror: [m[Ktemplate argument 1 is invalid
[3.116s]    91 |     [01;31m[KQMetaObject::SuperData::link<Module::staticMetaObject>()[m[K,
[3.116s]       |     [01;31m[K~~~~~~~~~~~~~~~~~~~~~~~~~~~~~~~~~~~~~~~~~~~~~~~~~~~~~~^~[m[K
[3.116s] [01m[K/home/dlyvern/Projects/Dragonfly/cw_serv_ws/build/cw_serv/cw_serv_autogen/4XGV5CRBCI/moc_TCPServer.cpp:[m[K In member function â€˜[01m[Kvirtual void* TCPServer::qt_metacast(const char*)[m[Kâ€™:
[3.116s] [01m[K/home/dlyvern/Projects/Dragonfly/cw_serv_ws/build/cw_serv/cw_serv_autogen/4XGV5CRBCI/moc_TCPServer.cpp:112:20:[m[K [01;31m[Kerror: [m[Kâ€˜[01m[Kqt_metacast[m[Kâ€™ is not a member of â€˜[01m[KModule[m[Kâ€™
[3.116s]   112 |     return Module::[01;31m[Kqt_metacast[m[K(_clname);
[3.116s]       |                    [01;31m[K^~~~~~~~~~~[m[K
[3.116s] [01m[K/home/dlyvern/Projects/Dragonfly/cw_serv_ws/build/cw_serv/cw_serv_autogen/4XGV5CRBCI/moc_TCPServer.cpp:[m[K In member function â€˜[01m[Kvirtual int TCPServer::qt_metacall(QMetaObject::Call, int, void**)[m[Kâ€™:
[3.116s] [01m[K/home/dlyvern/Projects/Dragonfly/cw_serv_ws/build/cw_serv/cw_serv_autogen/4XGV5CRBCI/moc_TCPServer.cpp:117:19:[m[K [01;31m[Kerror: [m[Kâ€˜[01m[Kqt_metacall[m[Kâ€™ is not a member of â€˜[01m[KModule[m[Kâ€™
[3.116s]   117 |     _id = Module::[01;31m[Kqt_metacall[m[K(_c, _id, _a);
[3.116s]       |                   [01;31m[K^~~~~~~~~~~[m[K
[3.116s] In file included from [01m[K/home/dlyvern/Projects/Dragonfly/cw_serv_ws/build/cw_serv/cw_serv_autogen/mocs_compilation.cpp:7[m[K:
[3.116s] [01m[K/home/dlyvern/Projects/Dragonfly/cw_serv_ws/build/cw_serv/cw_serv_autogen/JBZNCJ465A/moc_Copyist.cpp:[m[K At global scope:
[3.116s] [01m[K/home/dlyvern/Projects/Dragonfly/cw_serv_ws/build/cw_serv/cw_serv_autogen/JBZNCJ465A/moc_Copyist.cpp:67:45:[m[K [01;31m[Kerror: [m[Kâ€˜[01m[KstaticMetaObject[m[Kâ€™ is not a member of â€˜[01m[KSubModule[m[Kâ€™
[3.116s]    67 |     QMetaObject::SuperData::link<SubModule::[01;31m[KstaticMetaObject[m[K>(),
[3.116s]       |                                             [01;31m[K^~~~~~~~~~~~~~~~[m[K
[3.116s] [01m[K/home/dlyvern/Projects/Dragonfly/cw_serv_ws/build/cw_serv/cw_serv_autogen/JBZNCJ465A/moc_Copyist.cpp:67:62:[m[K [01;31m[Kerror: [m[Kno matching function for call to â€˜[01m[KQMetaObject::SuperData::link<<expression error> >()[m[Kâ€™
[3.116s]    67 |     [01;31m[KQMetaObject::SuperData::link<SubModule::staticMetaObject>()[m[K,
[3.116s]       |     [01;31m[K~~~~~~~~~~~~~~~~~~~~~~~~~~~~~~~~~~~~~~~~~~~~~~~~~~~~~~~~~^~[m[K
[3.116s] In file included from [01m[K/usr/include/x86_64-linux-gnu/qt5/QtCore/qobject.h:46[m[K,
[3.116s]                  from [01m[K/usr/include/x86_64-linux-gnu/qt5/QtCore/qtimer.h:48[m[K,
[3.116s]                  from [01m[K/usr/include/x86_64-linux-gnu/qt5/QtCore/QTimer:1[m[K,
[3.116s]                  from [01m[K/home/dlyvern/Projects/Dragonfly/cw_serv_ws/build/cw_serv/cw_serv_autogen/4XGV5CRBCI/../../../../src/cw_serv/include/cw_serv/modules/Robot.hpp:9[m[K,
[3.116s]                  from [01m[K/home/dlyvern/Projects/Dragonfly/cw_serv_ws/build/cw_serv/cw_serv_autogen/4XGV5CRBCI/moc_Robot.cpp:10[m[K,
[3.116s]                  from [01m[K/home/dlyvern/Projects/Dragonfly/cw_serv_ws/build/cw_serv/cw_serv_autogen/mocs_compilation.cpp:2[m[K:
[3.116s] [01m[K/usr/include/x86_64-linux-gnu/qt5/QtCore/qobjectdefs.h:599:69:[m[K [01;36m[Knote: [m[Kcandidate: â€˜[01m[Ktemplate<const QMetaObject& MO> static constexpr QMetaObject::SuperData QMetaObject::SuperData::link()[m[Kâ€™
[3.116s]   599 |         template <const QMetaObject &MO> static constexpr SuperData [01;36m[Klink[m[K()
[3.116s]       |                                                                     [01;36m[K^~~~[m[K
[3.116s] [01m[K/usr/include/x86_64-linux-gnu/qt5/QtCore/qobjectdefs.h:599:69:[m[K [01;36m[Knote: [m[K  template argument deduction/substitution failed:
[3.116s] In file included from [01m[K/home/dlyvern/Projects/Dragonfly/cw_serv_ws/build/cw_serv/cw_serv_autogen/mocs_compilation.cpp:7[m[K:
[3.116s] [01m[K/home/dlyvern/Projects/Dragonfly/cw_serv_ws/build/cw_serv/cw_serv_autogen/JBZNCJ465A/moc_Copyist.cpp:67:62:[m[K [01;31m[Kerror: [m[Ktemplate argument 1 is invalid
[3.117s]    67 |     [01;31m[KQMetaObject::SuperData::link<SubModule::staticMetaObject>()[m[K,
[3.117s]       |     [01;31m[K~~~~~~~~~~~~~~~~~~~~~~~~~~~~~~~~~~~~~~~~~~~~~~~~~~~~~~~~~^~[m[K
[3.117s] [01m[K/home/dlyvern/Projects/Dragonfly/cw_serv_ws/build/cw_serv/cw_serv_autogen/JBZNCJ465A/moc_Copyist.cpp:[m[K In member function â€˜[01m[Kvirtual void* Copyist::qt_metacast(const char*)[m[Kâ€™:
[3.117s] [01m[K/home/dlyvern/Projects/Dragonfly/cw_serv_ws/build/cw_serv/cw_serv_autogen/JBZNCJ465A/moc_Copyist.cpp:88:23:[m[K [01;31m[Kerror: [m[Kâ€˜[01m[Kqt_metacast[m[Kâ€™ is not a member of â€˜[01m[KSubModule[m[Kâ€™
[3.117s]    88 |     return SubModule::[01;31m[Kqt_metacast[m[K(_clname);
[3.117s]       |                       [01;31m[K^~~~~~~~~~~[m[K
[3.117s] [01m[K/home/dlyvern/Projects/Dragonfly/cw_serv_ws/build/cw_serv/cw_serv_autogen/JBZNCJ465A/moc_Copyist.cpp:[m[K In member function â€˜[01m[Kvirtual int Copyist::qt_metacall(QMetaObject::Call, int, void**)[m[Kâ€™:
[3.117s] [01m[K/home/dlyvern/Projects/Dragonfly/cw_serv_ws/build/cw_serv/cw_serv_autogen/JBZNCJ465A/moc_Copyist.cpp:93:22:[m[K [01;31m[Kerror: [m[Kâ€˜[01m[Kqt_metacall[m[Kâ€™ is not a member of â€˜[01m[KSubModule[m[Kâ€™
[3.117s]    93 |     _id = SubModule::[01;31m[Kqt_metacall[m[K(_c, _id, _a);
[3.117s]       |                      [01;31m[K^~~~~~~~~~~[m[K
[3.570s] gmake[2]: *** [CMakeFiles/cw_serv.dir/build.make:76: CMakeFiles/cw_serv.dir/cw_serv_autogen/mocs_compilation.cpp.o] Error 1
[3.570s] gmake[2]: *** Waiting for unfinished jobs....
[4.541s] gmake[1]: *** [CMakeFiles/Makefile2:138: CMakeFiles/cw_serv.dir/all] Error 2
[4.541s] gmake: *** [Makefile:146: all] Error 2
[4.543s] Invoked command in '/home/dlyvern/Projects/Dragonfly/cw_serv_ws/build/cw_serv' returned '2': AMENT_PREFIX_PATH=/home/dlyvern/Projects/Dragonfly/cw_serv_ws/install/action_interface:${AMENT_PREFIX_PATH} CMAKE_PREFIX_PATH=/home/dlyvern/Projects/Dragonfly/cw_serv_ws/install/action_interface:/opt/ros/humble LD_LIBRARY_PATH=/home/dlyvern/Projects/Dragonfly/cw_serv_ws/install/action_interface/lib:${LD_LIBRARY_PATH} PYTHONPATH=/home/dlyvern/Projects/Dragonfly/cw_serv_ws/install/action_interface/local/lib/python3.10/dist-packages:${PYTHONPATH} /usr/bin/cmake --build /home/dlyvern/Projects/Dragonfly/cw_serv_ws/build/cw_serv -- -j12 -l12
