[0.025s] Invoking command in '/home/dlyvern/Projects/Dragonfly/cw_serv_ws/build/cw_serv': AMENT_PREFIX_PATH=/home/dlyvern/Projects/Dragonfly/cw_serv_ws/install/action_interface:${AMENT_PREFIX_PATH} CMAKE_PREFIX_PATH=/home/dlyvern/Projects/Dragonfly/cw_serv_ws/install/action_interface:/opt/ros/humble LD_LIBRARY_PATH=/home/dlyvern/Projects/Dragonfly/cw_serv_ws/install/action_interface/lib:${LD_LIBRARY_PATH} PYTHONPATH=/home/dlyvern/Projects/Dragonfly/cw_serv_ws/install/action_interface/local/lib/python3.10/dist-packages:${PYTHONPATH} /usr/bin/cmake --build /home/dlyvern/Projects/Dragonfly/cw_serv_ws/build/cw_serv -- -j12 -l12
[0.060s] [  4%] [34m[1mAutomatic MOC and UIC for target cw_serv[0m
[0.280s] [  4%] Built target cw_serv_autogen
[0.296s] [35m[1mConsolidate compiler generated dependencies of target cw_serv[0m
[0.338s] [  8%] [32mBuilding CXX object CMakeFiles/cw_serv.dir/cw_serv_autogen/mocs_compilation.cpp.o[0m
[0.338s] [ 13%] [32mBuilding CXX object CMakeFiles/cw_serv.dir/src/main.cpp.o[0m
[0.338s] [ 17%] [32mBuilding CXX object CMakeFiles/cw_serv.dir/src/modules/TCPServer.cpp.o[0m
[0.339s] [ 21%] [32mBuilding CXX object CMakeFiles/cw_serv.dir/src/MainNode.cpp.o[0m
[2.542s] [01m[K/home/dlyvern/Projects/Dragonfly/cw_serv_ws/src/cw_serv/src/modules/TCPServer.cpp:[m[K In constructor â€˜[01m[KTCPServer::TCPServer(const string&, QObject*)[m[Kâ€™:
[2.542s] [01m[K/home/dlyvern/Projects/Dragonfly/cw_serv_ws/src/cw_serv/src/modules/TCPServer.cpp:3:94:[m[K [01;35m[Kwarning: [m[Kbase â€˜[01m[KModule[m[Kâ€™ will be initialized after [[01;35m[K]8;;https://gcc.gnu.org/onlinedocs/gcc/Warning-Options.html#index-Wreorder-Wreorder]8;;[m[K]
[2.542s]     3 | TCPServer::TCPServer(const std::string &name, QObject *parent) : Module(name), QObject(parent[01;35m[K)[m[K
[2.542s]       |                                                                                              [01;35m[K^[m[K
[2.542s] [01m[K/home/dlyvern/Projects/Dragonfly/cw_serv_ws/src/cw_serv/src/modules/TCPServer.cpp:3:94:[m[K [01;35m[Kwarning: [m[K  base â€˜[01m[KQObject[m[Kâ€™ [[01;35m[K]8;;https://gcc.gnu.org/onlinedocs/gcc/Warning-Options.html#index-Wreorder-Wreorder]8;;[m[K]
[2.542s] [01m[K/home/dlyvern/Projects/Dragonfly/cw_serv_ws/src/cw_serv/src/modules/TCPServer.cpp:3:1:[m[K [01;35m[Kwarning: [m[K  when initialized here [[01;35m[K]8;;https://gcc.gnu.org/onlinedocs/gcc/Warning-Options.html#index-Wreorder-Wreorder]8;;[m[K]
[2.542s]     3 | [01;35m[KTCPServer[m[K::TCPServer(const std::string &name, QObject *parent) : Module(name), QObject(parent)
[2.542s]       | [01;35m[K^~~~~~~~~[m[K
[3.019s] In file included from [01m[K/home/dlyvern/Projects/Dragonfly/cw_serv_ws/build/cw_serv/cw_serv_autogen/mocs_compilation.cpp:7[m[K:
[3.019s] [01m[K/home/dlyvern/Projects/Dragonfly/cw_serv_ws/build/cw_serv/cw_serv_autogen/JBZNCJ465A/moc_Copyist.cpp:67:45:[m[K [01;31m[Kerror: [m[Kâ€˜[01m[KstaticMetaObject[m[Kâ€™ is not a member of â€˜[01m[KSubModule[m[Kâ€™
[3.019s]    67 |     QMetaObject::SuperData::link<SubModule::[01;31m[KstaticMetaObject[m[K>(),
[3.019s]       |                                             [01;31m[K^~~~~~~~~~~~~~~~[m[K
[3.019s] [01m[K/home/dlyvern/Projects/Dragonfly/cw_serv_ws/build/cw_serv/cw_serv_autogen/JBZNCJ465A/moc_Copyist.cpp:67:62:[m[K [01;31m[Kerror: [m[Kno matching function for call to â€˜[01m[KQMetaObject::SuperData::link<<expression error> >()[m[Kâ€™
[3.019s]    67 |     [01;31m[KQMetaObject::SuperData::link<SubModule::staticMetaObject>()[m[K,
[3.019s]       |     [01;31m[K~~~~~~~~~~~~~~~~~~~~~~~~~~~~~~~~~~~~~~~~~~~~~~~~~~~~~~~~~^~[m[K
[3.019s] In file included from [01m[K/usr/include/x86_64-linux-gnu/qt5/QtCore/qobject.h:46[m[K,
[3.019s]                  from [01m[K/usr/include/x86_64-linux-gnu/qt5/QtCore/qtimer.h:48[m[K,
[3.019s]                  from [01m[K/usr/include/x86_64-linux-gnu/qt5/QtCore/QTimer:1[m[K,
[3.019s]                  from [01m[K/home/dlyvern/Projects/Dragonfly/cw_serv_ws/build/cw_serv/cw_serv_autogen/4XGV5CRBCI/../../../../src/cw_serv/include/cw_serv/modules/Robot.hpp:9[m[K,
[3.020s]                  from [01m[K/home/dlyvern/Projects/Dragonfly/cw_serv_ws/build/cw_serv/cw_serv_autogen/4XGV5CRBCI/moc_Robot.cpp:10[m[K,
[3.020s]                  from [01m[K/home/dlyvern/Projects/Dragonfly/cw_serv_ws/build/cw_serv/cw_serv_autogen/mocs_compilation.cpp:2[m[K:
[3.020s] [01m[K/usr/include/x86_64-linux-gnu/qt5/QtCore/qobjectdefs.h:599:69:[m[K [01;36m[Knote: [m[Kcandidate: â€˜[01m[Ktemplate<const QMetaObject& MO> static constexpr QMetaObject::SuperData QMetaObject::SuperData::link()[m[Kâ€™
[3.020s]   599 |         template <const QMetaObject &MO> static constexpr SuperData [01;36m[Klink[m[K()
[3.020s]       |                                                                     [01;36m[K^~~~[m[K
[3.020s] [01m[K/usr/include/x86_64-linux-gnu/qt5/QtCore/qobjectdefs.h:599:69:[m[K [01;36m[Knote: [m[K  template argument deduction/substitution failed:
[3.020s] In file included from [01m[K/home/dlyvern/Projects/Dragonfly/cw_serv_ws/build/cw_serv/cw_serv_autogen/mocs_compilation.cpp:7[m[K:
[3.020s] [01m[K/home/dlyvern/Projects/Dragonfly/cw_serv_ws/build/cw_serv/cw_serv_autogen/JBZNCJ465A/moc_Copyist.cpp:67:62:[m[K [01;31m[Kerror: [m[Ktemplate argument 1 is invalid
[3.020s]    67 |     [01;31m[KQMetaObject::SuperData::link<SubModule::staticMetaObject>()[m[K,
[3.020s]       |     [01;31m[K~~~~~~~~~~~~~~~~~~~~~~~~~~~~~~~~~~~~~~~~~~~~~~~~~~~~~~~~~^~[m[K
[3.020s] [01m[K/home/dlyvern/Projects/Dragonfly/cw_serv_ws/build/cw_serv/cw_serv_autogen/JBZNCJ465A/moc_Copyist.cpp:[m[K In member function â€˜[01m[Kvirtual void* Copyist::qt_metacast(const char*)[m[Kâ€™:
[3.020s] [01m[K/home/dlyvern/Projects/Dragonfly/cw_serv_ws/build/cw_serv/cw_serv_autogen/JBZNCJ465A/moc_Copyist.cpp:88:23:[m[K [01;31m[Kerror: [m[Kâ€˜[01m[Kqt_metacast[m[Kâ€™ is not a member of â€˜[01m[KSubModule[m[Kâ€™
[3.020s]    88 |     return SubModule::[01;31m[Kqt_metacast[m[K(_clname);
[3.020s]       |                       [01;31m[K^~~~~~~~~~~[m[K
[3.020s] [01m[K/home/dlyvern/Projects/Dragonfly/cw_serv_ws/build/cw_serv/cw_serv_autogen/JBZNCJ465A/moc_Copyist.cpp:[m[K In member function â€˜[01m[Kvirtual int Copyist::qt_metacall(QMetaObject::Call, int, void**)[m[Kâ€™:
[3.020s] [01m[K/home/dlyvern/Projects/Dragonfly/cw_serv_ws/build/cw_serv/cw_serv_autogen/JBZNCJ465A/moc_Copyist.cpp:93:22:[m[K [01;31m[Kerror: [m[Kâ€˜[01m[Kqt_metacall[m[Kâ€™ is not a member of â€˜[01m[KSubModule[m[Kâ€™
[3.020s]    93 |     _id = SubModule::[01;31m[Kqt_metacall[m[K(_c, _id, _a);
[3.020s]       |                      [01;31m[K^~~~~~~~~~~[m[K
[3.443s] gmake[2]: *** [CMakeFiles/cw_serv.dir/build.make:76: CMakeFiles/cw_serv.dir/cw_serv_autogen/mocs_compilation.cpp.o] Error 1
[3.443s] gmake[2]: *** Waiting for unfinished jobs....
[4.412s] gmake[1]: *** [CMakeFiles/Makefile2:138: CMakeFiles/cw_serv.dir/all] Error 2
[4.412s] gmake: *** [Makefile:146: all] Error 2
[4.414s] Invoked command in '/home/dlyvern/Projects/Dragonfly/cw_serv_ws/build/cw_serv' returned '2': AMENT_PREFIX_PATH=/home/dlyvern/Projects/Dragonfly/cw_serv_ws/install/action_interface:${AMENT_PREFIX_PATH} CMAKE_PREFIX_PATH=/home/dlyvern/Projects/Dragonfly/cw_serv_ws/install/action_interface:/opt/ros/humble LD_LIBRARY_PATH=/home/dlyvern/Projects/Dragonfly/cw_serv_ws/install/action_interface/lib:${LD_LIBRARY_PATH} PYTHONPATH=/home/dlyvern/Projects/Dragonfly/cw_serv_ws/install/action_interface/local/lib/python3.10/dist-packages:${PYTHONPATH} /usr/bin/cmake --build /home/dlyvern/Projects/Dragonfly/cw_serv_ws/build/cw_serv -- -j12 -l12
