[0.032s] Invoking command in '/home/dlyvern/Projects/Dragonfly/cw_serv_ws/build/cw_serv': CMAKE_PREFIX_PATH=/home/dlyvern/Projects/Dragonfly/cw_serv_ws/install/action_interface:/home/dlyvern/Projects/Dragonfly/cw_serv_ws/install/cw_serv:/opt/ros/humble /usr/bin/cmake --build /home/dlyvern/Projects/Dragonfly/cw_serv_ws/build/cw_serv -- -j12 -l12
[0.058s] -- Found ament_cmake: 1.3.6 (/opt/ros/humble/share/ament_cmake/cmake)
[0.150s] -- Found rclcpp: 16.0.7 (/opt/ros/humble/share/rclcpp/cmake)
[0.167s] -- Found rosidl_generator_c: 3.1.5 (/opt/ros/humble/share/rosidl_generator_c/cmake)
[0.168s] -- Found rosidl_adapter: 3.1.5 (/opt/ros/humble/share/rosidl_adapter/cmake)
[0.172s] -- Found rosidl_generator_cpp: 3.1.5 (/opt/ros/humble/share/rosidl_generator_cpp/cmake)
[0.177s] -- Using all available rosidl_typesupport_c: rosidl_typesupport_fastrtps_c;rosidl_typesupport_introspection_c
[0.186s] -- Using all available rosidl_typesupport_cpp: rosidl_typesupport_fastrtps_cpp;rosidl_typesupport_introspection_cpp
[0.219s] -- Found rmw_implementation_cmake: 6.1.1 (/opt/ros/humble/share/rmw_implementation_cmake/cmake)
[0.220s] -- Found rmw_fastrtps_cpp: 6.2.5 (/opt/ros/humble/share/rmw_fastrtps_cpp/cmake)
[0.285s] -- Using RMW implementation 'rmw_fastrtps_cpp' as default
[0.378s] -- Found rclcpp_action: 16.0.7 (/opt/ros/humble/share/rclcpp_action/cmake)
[0.434s] -- Found rclcpp_components: 16.0.7 (/opt/ros/humble/share/rclcpp_components/cmake)
[0.470s] -- Found rosbag2_cpp: 0.15.8 (/opt/ros/humble/share/rosbag2_cpp/cmake)
[0.488s] -- Found action_interface: 0.0.0 (/home/dlyvern/Projects/Dragonfly/cw_serv_ws/install/action_interface/share/action_interface/cmake)
[0.533s] -- Found ament_lint_auto: 0.12.9 (/opt/ros/humble/share/ament_lint_auto/cmake)
[0.586s] -- Added test 'cppcheck' to perform static code analysis on C / C++ code
[0.586s] -- Configured cppcheck include dirs: $<BUILD_INTERFACE:/home/dlyvern/Projects/Dragonfly/cw_serv_ws/src/cw_serv/include/cw_serv>
[0.586s] -- Configured cppcheck exclude dirs and/or files: 
[0.587s] -- Added test 'flake8' to check Python code syntax and style conventions
[0.587s] -- Added test 'lint_cmake' to check CMake code style
[0.588s] -- Added test 'pep257' to check Python code against some of the docstring style conventions in PEP 257
[0.590s] -- Added test 'uncrustify' to check C / C++ code style
[0.590s] -- Configured uncrustify additional arguments: 
[0.591s] -- Added test 'xmllint' to check XML markup files
[0.592s] -- Configuring done
[0.637s] -- Generating done
[0.639s] -- Build files have been written to: /home/dlyvern/Projects/Dragonfly/cw_serv_ws/build/cw_serv
[0.668s] [  4%] [34m[1mAutomatic MOC and UIC for target cw_serv[0m
[0.687s] [  4%] Built target cw_serv_autogen
[0.707s] [35m[1mConsolidate compiler generated dependencies of target cw_serv[0m
[0.750s] [  8%] [32mBuilding CXX object CMakeFiles/cw_serv.dir/src/modules/TCPServer.cpp.o[0m
[0.750s] [ 12%] [32mBuilding CXX object CMakeFiles/cw_serv.dir/src/main.cpp.o[0m
[0.750s] [ 16%] [32mBuilding CXX object CMakeFiles/cw_serv.dir/src/modules/Robot.cpp.o[0m
[0.750s] [ 20%] [32mBuilding CXX object CMakeFiles/cw_serv.dir/src/submodules/Recorder.cpp.o[0m
[0.752s] [ 25%] [32mBuilding CXX object CMakeFiles/cw_serv.dir/src/MainNode.cpp.o[0m
[0.752s] [ 29%] [32mBuilding CXX object CMakeFiles/cw_serv.dir/src/submodules/Copyist.cpp.o[0m
[0.752s] [ 33%] [32mBuilding CXX object CMakeFiles/cw_serv.dir/src/modules/ActionsServiceProxy.cpp.o[0m
[12.188s] [01m[K/home/dlyvern/Projects/Dragonfly/cw_serv_ws/src/cw_serv/src/submodules/Copyist.cpp:[m[K In constructor â€˜[01m[KCopyist::Copyist(const string&, QObject*)[m[Kâ€™:
[12.191s] [01m[K/home/dlyvern/Projects/Dragonfly/cw_serv_ws/src/cw_serv/src/submodules/Copyist.cpp:6:5:[m[K [01;31m[Kerror: [m[Kâ€˜[01m[KMainNode[m[Kâ€™ has not been declared
[12.191s]     6 |     [01;31m[KMainNode[m[K::GetReference()->AddAction("Copyist", "CopyFromBagsToFlash", std::bind(&Copyist::CopyFromBagsToFlash, this, std::placeholders::_1));
[12.191s]       |     [01;31m[K^~~~~~~~[m[K
[12.208s] [01m[K/home/dlyvern/Projects/Dragonfly/cw_serv_ws/src/cw_serv/src/submodules/Copyist.cpp:[m[K In member function â€˜[01m[Kstd::pair<std::__cxx11::basic_string<char>, bool> Copyist::CopyFromBagsToFlash(RunParameters&)[m[Kâ€™:
[12.209s] [01m[K/home/dlyvern/Projects/Dragonfly/cw_serv_ws/src/cw_serv/src/submodules/Copyist.cpp:47:74:[m[K [01;35m[Kwarning: [m[Kunused parameter â€˜[01m[KrunParameters[m[Kâ€™ [[01;35m[K]8;;https://gcc.gnu.org/onlinedocs/gcc/Warning-Options.html#index-Wunused-parameter-Wunused-parameter]8;;[m[K]
[12.209s]    47 | std::pair<std::string, bool> Copyist::CopyFromBagsToFlash([01;35m[KRunParameters &runParameters[m[K)
[12.209s]       |                                                           [01;35m[K~~~~~~~~~~~~~~~^~~~~~~~~~~~~[m[K
[12.209s] [01m[K/home/dlyvern/Projects/Dragonfly/cw_serv_ws/src/cw_serv/src/submodules/Copyist.cpp:[m[K In member function â€˜[01m[Kvirtual std::pair<std::__cxx11::basic_string<char>, bool> Copyist::Disable(RunParameters&)[m[Kâ€™:
[12.209s] [01m[K/home/dlyvern/Projects/Dragonfly/cw_serv_ws/src/cw_serv/src/submodules/Copyist.cpp:100:62:[m[K [01;35m[Kwarning: [m[Kunused parameter â€˜[01m[KrunParameters[m[Kâ€™ [[01;35m[K]8;;https://gcc.gnu.org/onlinedocs/gcc/Warning-Options.html#index-Wunused-parameter-Wunused-parameter]8;;[m[K]
[12.209s]   100 | std::pair<std::string, bool> Copyist::Disable([01;35m[KRunParameters &runParameters[m[K)
[12.209s]       |                                               [01;35m[K~~~~~~~~~~~~~~~^~~~~~~~~~~~~[m[K
[12.675s] [01m[K/home/dlyvern/Projects/Dragonfly/cw_serv_ws/src/cw_serv/src/submodules/Recorder.cpp:[m[K In constructor â€˜[01m[KRecorder::Recorder(const string&)[m[Kâ€™:
[12.675s] [01m[K/home/dlyvern/Projects/Dragonfly/cw_serv_ws/src/cw_serv/src/submodules/Recorder.cpp:9:15:[m[K [01;31m[Kerror: [m[Kâ€˜[01m[KGetReference[m[Kâ€™ is not a member of â€˜[01m[KMainNode[m[Kâ€™
[12.675s]     9 |     MainNode::[01;31m[KGetReference[m[K()->AddAction("Recorder", "Enable",std::bind(&Recorder::Enable, this, std::placeholders::_1));
[12.675s]       |               [01;31m[K^~~~~~~~~~~~[m[K
[12.681s] [01m[K/home/dlyvern/Projects/Dragonfly/cw_serv_ws/src/cw_serv/src/submodules/Recorder.cpp:10:15:[m[K [01;31m[Kerror: [m[Kâ€˜[01m[KGetReference[m[Kâ€™ is not a member of â€˜[01m[KMainNode[m[Kâ€™
[12.681s]    10 |     MainNode::[01;31m[KGetReference[m[K()->AddAction("Recorder", "Disable",std::bind(&Recorder::Disable, this, std::placeholders::_1));
[12.681s]       |               [01;31m[K^~~~~~~~~~~~[m[K
[12.696s] [01m[K/home/dlyvern/Projects/Dragonfly/cw_serv_ws/src/cw_serv/src/submodules/Recorder.cpp:[m[K In member function â€˜[01m[Kstd::pair<std::__cxx11::basic_string<char>, bool> Recorder::Enable(RunParameters&)[m[Kâ€™:
[12.697s] [01m[K/home/dlyvern/Projects/Dragonfly/cw_serv_ws/src/cw_serv/src/submodules/Recorder.cpp:32:62:[m[K [01;35m[Kwarning: [m[Kunused parameter â€˜[01m[KrunParameters[m[Kâ€™ [[01;35m[K]8;;https://gcc.gnu.org/onlinedocs/gcc/Warning-Options.html#index-Wunused-parameter-Wunused-parameter]8;;[m[K]
[12.697s]    32 | std::pair<std::string, bool> Recorder::Enable([01;35m[KRunParameters &runParameters[m[K)
[12.697s]       |                                               [01;35m[K~~~~~~~~~~~~~~~^~~~~~~~~~~~~[m[K
[12.855s] [01m[K/home/dlyvern/Projects/Dragonfly/cw_serv_ws/src/cw_serv/src/modules/Robot.cpp:[m[K In constructor â€˜[01m[KRobot::Robot(const string&, QObject*)[m[Kâ€™:
[12.855s] [01m[K/home/dlyvern/Projects/Dragonfly/cw_serv_ws/src/cw_serv/src/modules/Robot.cpp:21:5:[m[K [01;31m[Kerror: [m[Kâ€˜[01m[KMainNode[m[Kâ€™ has not been declared
[12.855s]    21 |     [01;31m[KMainNode[m[K::GetReference()->AddAction("Robot", "Enable",std::bind(&Robot::Enable, this, std::placeholders::_1));
[12.855s]       |     [01;31m[K^~~~~~~~[m[K
[12.859s] [01m[K/home/dlyvern/Projects/Dragonfly/cw_serv_ws/src/cw_serv/src/modules/Robot.cpp:22:5:[m[K [01;31m[Kerror: [m[Kâ€˜[01m[KMainNode[m[Kâ€™ has not been declared
[12.859s]    22 |     [01;31m[KMainNode[m[K::GetReference()->AddAction("Robot", "DoDiagnostic",std::bind(&Robot::DoDiagnostic, this, std::placeholders::_1));
[12.860s]       |     [01;31m[K^~~~~~~~[m[K
[12.860s] [01m[K/home/dlyvern/Projects/Dragonfly/cw_serv_ws/src/cw_serv/src/modules/Robot.cpp:23:5:[m[K [01;31m[Kerror: [m[Kâ€˜[01m[KMainNode[m[Kâ€™ has not been declared
[12.860s]    23 |     [01;31m[KMainNode[m[K::GetReference()->AddAction("Robot", "LongTest",std::bind(&Robot::LongTest, this, std::placeholders::_1));
[12.860s]       |     [01;31m[K^~~~~~~~[m[K
[12.860s] [01m[K/home/dlyvern/Projects/Dragonfly/cw_serv_ws/src/cw_serv/src/modules/Robot.cpp:24:5:[m[K [01;31m[Kerror: [m[Kâ€˜[01m[KMainNode[m[Kâ€™ has not been declared
[12.860s]    24 |     [01;31m[KMainNode[m[K::GetReference()->AddAction("Robot", "Disable",std::bind(&Robot::Disable, this, std::placeholders::_1));
[12.860s]       |     [01;31m[K^~~~~~~~[m[K
[12.871s] [01m[K/home/dlyvern/Projects/Dragonfly/cw_serv_ws/src/cw_serv/src/modules/Robot.cpp:[m[K In member function â€˜[01m[Kstd::pair<std::__cxx11::basic_string<char>, bool> Robot::Enable(RunParameters&)[m[Kâ€™:
[12.871s] [01m[K/home/dlyvern/Projects/Dragonfly/cw_serv_ws/src/cw_serv/src/modules/Robot.cpp:48:59:[m[K [01;35m[Kwarning: [m[Kunused parameter â€˜[01m[KrunParameters[m[Kâ€™ [[01;35m[K]8;;https://gcc.gnu.org/onlinedocs/gcc/Warning-Options.html#index-Wunused-parameter-Wunused-parameter]8;;[m[K]
[12.871s]    48 | std::pair<std::string, bool> Robot::Enable([01;35m[KRunParameters& runParameters[m[K)
[12.871s]       |                                            [01;35m[K~~~~~~~~~~~~~~~^~~~~~~~~~~~~[m[K
[12.873s] [01m[K/home/dlyvern/Projects/Dragonfly/cw_serv_ws/src/cw_serv/src/modules/Robot.cpp:[m[K In member function â€˜[01m[Kstd::pair<std::__cxx11::basic_string<char>, bool> Robot::Disable(RunParameters&)[m[Kâ€™:
[12.874s] [01m[K/home/dlyvern/Projects/Dragonfly/cw_serv_ws/src/cw_serv/src/modules/Robot.cpp:64:59:[m[K [01;35m[Kwarning: [m[Kunused parameter â€˜[01m[KrunParameters[m[Kâ€™ [[01;35m[K]8;;https://gcc.gnu.org/onlinedocs/gcc/Warning-Options.html#index-Wunused-parameter-Wunused-parameter]8;;[m[K]
[12.874s]    64 | std::pair<std::string, bool>Robot::Disable([01;35m[KRunParameters& runParameters[m[K)
[12.874s]       |                                            [01;35m[K~~~~~~~~~~~~~~~^~~~~~~~~~~~~[m[K
[12.880s] [01m[K/home/dlyvern/Projects/Dragonfly/cw_serv_ws/src/cw_serv/src/modules/Robot.cpp:[m[K In member function â€˜[01m[Kstd::pair<std::__cxx11::basic_string<char>, bool> Robot::MoveToTower(RunParameters&)[m[Kâ€™:
[12.881s] [01m[K/home/dlyvern/Projects/Dragonfly/cw_serv_ws/src/cw_serv/src/modules/Robot.cpp:136:64:[m[K [01;35m[Kwarning: [m[Kunused parameter â€˜[01m[KrunParameters[m[Kâ€™ [[01;35m[K]8;;https://gcc.gnu.org/onlinedocs/gcc/Warning-Options.html#index-Wunused-parameter-Wunused-parameter]8;;[m[K]
[12.881s]   136 | std::pair<std::string, bool> Robot::MoveToTower([01;35m[KRunParameters& runParameters[m[K)
[12.881s]       |                                                 [01;35m[K~~~~~~~~~~~~~~~^~~~~~~~~~~~~[m[K
[12.882s] [01m[K/home/dlyvern/Projects/Dragonfly/cw_serv_ws/src/cw_serv/src/modules/Robot.cpp:[m[K In member function â€˜[01m[Kstd::pair<std::__cxx11::basic_string<char>, bool> Robot::LongTest(RunParameters&)[m[Kâ€™:
[12.882s] [01m[K/home/dlyvern/Projects/Dragonfly/cw_serv_ws/src/cw_serv/src/modules/Robot.cpp:151:61:[m[K [01;35m[Kwarning: [m[Kunused parameter â€˜[01m[KrunParameters[m[Kâ€™ [[01;35m[K]8;;https://gcc.gnu.org/onlinedocs/gcc/Warning-Options.html#index-Wunused-parameter-Wunused-parameter]8;;[m[K]
[12.882s]   151 | std::pair<std::string, bool> Robot::LongTest([01;35m[KRunParameters &runParameters[m[K)
[12.882s]       |                                              [01;35m[K~~~~~~~~~~~~~~~^~~~~~~~~~~~~[m[K
[13.150s] [01m[K/home/dlyvern/Projects/Dragonfly/cw_serv_ws/src/cw_serv/src/submodules/Recorder.cpp:[m[K In member function â€˜[01m[Kvirtual std::pair<std::__cxx11::basic_string<char>, bool> Recorder::Disable(RunParameters&)[m[Kâ€™:
[13.150s] [01m[K/home/dlyvern/Projects/Dragonfly/cw_serv_ws/src/cw_serv/src/submodules/Recorder.cpp:71:63:[m[K [01;35m[Kwarning: [m[Kunused parameter â€˜[01m[KrunParameters[m[Kâ€™ [[01;35m[K]8;;https://gcc.gnu.org/onlinedocs/gcc/Warning-Options.html#index-Wunused-parameter-Wunused-parameter]8;;[m[K]
[13.150s]    71 | std::pair<std::string, bool> Recorder::Disable([01;35m[KRunParameters &runParameters[m[K)
[13.150s]       |                                                [01;35m[K~~~~~~~~~~~~~~~^~~~~~~~~~~~~[m[K
[13.212s] [01m[K/home/dlyvern/Projects/Dragonfly/cw_serv_ws/src/cw_serv/src/main.cpp:[m[K In function â€˜[01m[Kint main(int, char**)[m[Kâ€™:
[13.212s] [01m[K/home/dlyvern/Projects/Dragonfly/cw_serv_ws/src/cw_serv/src/main.cpp:17:52:[m[K [01;31m[Kerror: [m[Kâ€˜[01m[KGetReference[m[Kâ€™ is not a member of â€˜[01m[KMainNode[m[Kâ€™
[13.212s]    17 |     std::shared_ptr<MainNode>main_node = MainNode::[01;31m[KGetReference[m[K();
[13.213s]       |                                                    [01;31m[K^~~~~~~~~~~~[m[K
[13.750s] gmake[2]: *** [CMakeFiles/cw_serv.dir/build.make:90: CMakeFiles/cw_serv.dir/src/main.cpp.o] Error 1
[13.750s] gmake[2]: *** Waiting for unfinished jobs....
[13.754s] gmake[2]: *** [CMakeFiles/cw_serv.dir/build.make:342: CMakeFiles/cw_serv.dir/src/submodules/Copyist.cpp.o] Error 1
[13.830s] gmake[2]: *** [CMakeFiles/cw_serv.dir/build.make:244: CMakeFiles/cw_serv.dir/src/modules/Robot.cpp.o] Error 1
[14.529s] gmake[2]: *** [CMakeFiles/cw_serv.dir/build.make:314: CMakeFiles/cw_serv.dir/src/submodules/Recorder.cpp.o] Error 1
[15.224s] gmake[1]: *** [CMakeFiles/Makefile2:138: CMakeFiles/cw_serv.dir/all] Error 2
[15.227s] gmake: *** [Makefile:146: all] Error 2
[15.301s] Invoked command in '/home/dlyvern/Projects/Dragonfly/cw_serv_ws/build/cw_serv' returned '2': CMAKE_PREFIX_PATH=/home/dlyvern/Projects/Dragonfly/cw_serv_ws/install/action_interface:/home/dlyvern/Projects/Dragonfly/cw_serv_ws/install/cw_serv:/opt/ros/humble /usr/bin/cmake --build /home/dlyvern/Projects/Dragonfly/cw_serv_ws/build/cw_serv -- -j12 -l12
