[0.031s] Invoking command in '/home/dlyvern/Projects/Dragonfly/cw_serv_ws/build/cw_serv': CMAKE_PREFIX_PATH=/home/dlyvern/Projects/Dragonfly/cw_serv_ws/install/action_interface:/home/dlyvern/Projects/Dragonfly/cw_serv_ws/install/cw_serv:/opt/ros/humble /usr/bin/cmake --build /home/dlyvern/Projects/Dragonfly/cw_serv_ws/build/cw_serv -- -j12 -l12
[0.059s] -- Found ament_cmake: 1.3.6 (/opt/ros/humble/share/ament_cmake/cmake)
[0.156s] -- Found rclcpp: 16.0.7 (/opt/ros/humble/share/rclcpp/cmake)
[0.182s] -- Found rosidl_generator_c: 3.1.5 (/opt/ros/humble/share/rosidl_generator_c/cmake)
[0.184s] -- Found rosidl_adapter: 3.1.5 (/opt/ros/humble/share/rosidl_adapter/cmake)
[0.189s] -- Found rosidl_generator_cpp: 3.1.5 (/opt/ros/humble/share/rosidl_generator_cpp/cmake)
[0.197s] -- Using all available rosidl_typesupport_c: rosidl_typesupport_fastrtps_c;rosidl_typesupport_introspection_c
[0.208s] -- Using all available rosidl_typesupport_cpp: rosidl_typesupport_fastrtps_cpp;rosidl_typesupport_introspection_cpp
[0.250s] -- Found rmw_implementation_cmake: 6.1.1 (/opt/ros/humble/share/rmw_implementation_cmake/cmake)
[0.252s] -- Found rmw_fastrtps_cpp: 6.2.5 (/opt/ros/humble/share/rmw_fastrtps_cpp/cmake)
[0.328s] -- Using RMW implementation 'rmw_fastrtps_cpp' as default
[0.423s] -- Found rclcpp_action: 16.0.7 (/opt/ros/humble/share/rclcpp_action/cmake)
[0.482s] -- Found rclcpp_components: 16.0.7 (/opt/ros/humble/share/rclcpp_components/cmake)
[0.520s] -- Found rosbag2_cpp: 0.15.8 (/opt/ros/humble/share/rosbag2_cpp/cmake)
[0.540s] -- Found action_interface: 0.0.0 (/home/dlyvern/Projects/Dragonfly/cw_serv_ws/install/action_interface/share/action_interface/cmake)
[0.586s] -- Found ament_lint_auto: 0.12.9 (/opt/ros/humble/share/ament_lint_auto/cmake)
[0.654s] -- Added test 'cppcheck' to perform static code analysis on C / C++ code
[0.654s] -- Configured cppcheck include dirs: $<BUILD_INTERFACE:/home/dlyvern/Projects/Dragonfly/cw_serv_ws/src/cw_serv/include/cw_serv>
[0.654s] -- Configured cppcheck exclude dirs and/or files: 
[0.655s] -- Added test 'flake8' to check Python code syntax and style conventions
[0.658s] -- Added test 'lint_cmake' to check CMake code style
[0.659s] -- Added test 'pep257' to check Python code against some of the docstring style conventions in PEP 257
[0.669s] -- Added test 'uncrustify' to check C / C++ code style
[0.669s] -- Configured uncrustify additional arguments: 
[0.670s] -- Added test 'xmllint' to check XML markup files
[0.671s] -- Configuring done
[0.701s] -- Generating done
[0.703s] -- Build files have been written to: /home/dlyvern/Projects/Dragonfly/cw_serv_ws/build/cw_serv
[0.727s] [  4%] [34m[1mAutomatic MOC and UIC for target cw_serv[0m
[1.588s] [  4%] Built target cw_serv_autogen
[1.607s] [35m[1mConsolidate compiler generated dependencies of target cw_serv[0m
[1.647s] [  9%] [32mBuilding CXX object CMakeFiles/cw_serv.dir/cw_serv_autogen/mocs_compilation.cpp.o[0m
[1.648s] [ 13%] [32mBuilding CXX object CMakeFiles/cw_serv.dir/src/main.cpp.o[0m
[1.649s] [ 18%] [32mBuilding CXX object CMakeFiles/cw_serv.dir/src/modules/Robot.cpp.o[0m
[1.650s] [ 22%] [32mBuilding CXX object CMakeFiles/cw_serv.dir/src/submodules/Copyist.cpp.o[0m
[5.542s] [01m[K/home/dlyvern/Projects/Dragonfly/cw_serv_ws/src/cw_serv/src/submodules/Copyist.cpp:[m[K In member function â€˜[01m[Kstd::pair<std::__cxx11::basic_string<char>, bool> Copyist::CopyFromBagsToFlash(RunParameters&)[m[Kâ€™:
[5.546s] [01m[K/home/dlyvern/Projects/Dragonfly/cw_serv_ws/src/cw_serv/src/submodules/Copyist.cpp:36:74:[m[K [01;35m[Kwarning: [m[Kunused parameter â€˜[01m[KrunParameters[m[Kâ€™ [[01;35m[K]8;;https://gcc.gnu.org/onlinedocs/gcc/Warning-Options.html#index-Wunused-parameter-Wunused-parameter]8;;[m[K]
[5.546s]    36 | std::pair<std::string, bool> Copyist::CopyFromBagsToFlash([01;35m[KRunParameters &runParameters[m[K)
[5.546s]       |                                                           [01;35m[K~~~~~~~~~~~~~~~^~~~~~~~~~~~~[m[K
[5.604s] [01m[K/home/dlyvern/Projects/Dragonfly/cw_serv_ws/src/cw_serv/src/modules/Robot.cpp:[m[K In member function â€˜[01m[Kstd::pair<std::__cxx11::basic_string<char>, bool> Robot::Enable(RunParameters&)[m[Kâ€™:
[5.604s] [01m[K/home/dlyvern/Projects/Dragonfly/cw_serv_ws/src/cw_serv/src/modules/Robot.cpp:48:59:[m[K [01;35m[Kwarning: [m[Kunused parameter â€˜[01m[KrunParameters[m[Kâ€™ [[01;35m[K]8;;https://gcc.gnu.org/onlinedocs/gcc/Warning-Options.html#index-Wunused-parameter-Wunused-parameter]8;;[m[K]
[5.605s]    48 | std::pair<std::string, bool> Robot::Enable([01;35m[KRunParameters& runParameters[m[K)
[5.605s]       |                                            [01;35m[K~~~~~~~~~~~~~~~^~~~~~~~~~~~~[m[K
[5.606s] [01m[K/home/dlyvern/Projects/Dragonfly/cw_serv_ws/src/cw_serv/src/modules/Robot.cpp:[m[K In member function â€˜[01m[Kstd::pair<std::__cxx11::basic_string<char>, bool> Robot::Disable(RunParameters&)[m[Kâ€™:
[5.606s] [01m[K/home/dlyvern/Projects/Dragonfly/cw_serv_ws/src/cw_serv/src/modules/Robot.cpp:64:59:[m[K [01;35m[Kwarning: [m[Kunused parameter â€˜[01m[KrunParameters[m[Kâ€™ [[01;35m[K]8;;https://gcc.gnu.org/onlinedocs/gcc/Warning-Options.html#index-Wunused-parameter-Wunused-parameter]8;;[m[K]
[5.606s]    64 | std::pair<std::string, bool>Robot::Disable([01;35m[KRunParameters& runParameters[m[K)
[5.606s]       |                                            [01;35m[K~~~~~~~~~~~~~~~^~~~~~~~~~~~~[m[K
[5.610s] [01m[K/home/dlyvern/Projects/Dragonfly/cw_serv_ws/src/cw_serv/src/modules/Robot.cpp:[m[K In member function â€˜[01m[Kstd::pair<std::__cxx11::basic_string<char>, bool> Robot::MoveToTower(RunParameters&)[m[Kâ€™:
[5.610s] [01m[K/home/dlyvern/Projects/Dragonfly/cw_serv_ws/src/cw_serv/src/modules/Robot.cpp:129:64:[m[K [01;35m[Kwarning: [m[Kunused parameter â€˜[01m[KrunParameters[m[Kâ€™ [[01;35m[K]8;;https://gcc.gnu.org/onlinedocs/gcc/Warning-Options.html#index-Wunused-parameter-Wunused-parameter]8;;[m[K]
[5.610s]   129 | std::pair<std::string, bool> Robot::MoveToTower([01;35m[KRunParameters& runParameters[m[K)
[5.610s]       |                                                 [01;35m[K~~~~~~~~~~~~~~~^~~~~~~~~~~~~[m[K
[5.611s] [01m[K/home/dlyvern/Projects/Dragonfly/cw_serv_ws/src/cw_serv/src/modules/Robot.cpp:[m[K In member function â€˜[01m[Kstd::pair<std::__cxx11::basic_string<char>, bool> Robot::LongTest(RunParameters&)[m[Kâ€™:
[5.612s] [01m[K/home/dlyvern/Projects/Dragonfly/cw_serv_ws/src/cw_serv/src/modules/Robot.cpp:144:61:[m[K [01;35m[Kwarning: [m[Kunused parameter â€˜[01m[KrunParameters[m[Kâ€™ [[01;35m[K]8;;https://gcc.gnu.org/onlinedocs/gcc/Warning-Options.html#index-Wunused-parameter-Wunused-parameter]8;;[m[K]
[5.612s]   144 | std::pair<std::string, bool> Robot::LongTest([01;35m[KRunParameters &runParameters[m[K)
[5.612s]       |                                              [01;35m[K~~~~~~~~~~~~~~~^~~~~~~~~~~~~[m[K
[147.317s] [ 27%] [32m[1mLinking CXX executable cw_serv[0m
[148.348s] /usr/bin/ld: CMakeFiles/cw_serv.dir/src/submodules/Copyist.cpp.o: in function `boost::basic_regex<char, boost::regex_traits<char, boost::cpp_regex_traits<char> > >::assign(char const*, char const*, unsigned int)':
[148.348s] Copyist.cpp:(.text._ZN5boost11basic_regexIcNS_12regex_traitsIcNS_16cpp_regex_traitsIcEEEEE6assignEPKcS7_j[_ZN5boost11basic_regexIcNS_12regex_traitsIcNS_16cpp_regex_traitsIcEEEEE6assignEPKcS7_j]+0x2e): undefined reference to `boost::basic_regex<char, boost::regex_traits<char, boost::cpp_regex_traits<char> > >::do_assign(char const*, char const*, unsigned int)'
[148.348s] /usr/bin/ld: CMakeFiles/cw_serv.dir/src/submodules/Copyist.cpp.o: in function `bool boost::regex_search<__gnu_cxx::__normal_iterator<char const*, std::__cxx11::basic_string<char, std::char_traits<char>, std::allocator<char> > >, std::allocator<boost::sub_match<__gnu_cxx::__normal_iterator<char const*, std::__cxx11::basic_string<char, std::char_traits<char>, std::allocator<char> > > > >, char, boost::regex_traits<char, boost::cpp_regex_traits<char> > >(__gnu_cxx::__normal_iterator<char const*, std::__cxx11::basic_string<char, std::char_traits<char>, std::allocator<char> > >, __gnu_cxx::__normal_iterator<char const*, std::__cxx11::basic_string<char, std::char_traits<char>, std::allocator<char> > >, boost::match_results<__gnu_cxx::__normal_iterator<char const*, std::__cxx11::basic_string<char, std::char_traits<char>, std::allocator<char> > >, std::allocator<boost::sub_match<__gnu_cxx::__normal_iterator<char const*, std::__cxx11::basic_string<char, std::char_traits<char>, std::allocator<char> > > > > >&, boost::basic_regex<char, boost::regex_traits<char, boost::cpp_regex_traits<char> > > const&, boost::regex_constants::_match_flags, __gnu_cxx::__normal_iterator<char const*, std::__cxx11::basic_string<char, std::char_traits<char>, std::allocator<char> > >)':
[148.348s] Copyist.cpp:(.text._ZN5boost12regex_searchIN9__gnu_cxx17__normal_iteratorIPKcNSt7__cxx1112basic_stringIcSt11char_traitsIcESaIcEEEEESaINS_9sub_matchISB_EEEcNS_12regex_traitsIcNS_16cpp_regex_traitsIcEEEEEEbT_SJ_RNS_13match_resultsISJ_T0_EERKNS_11basic_regexIT1_T2_EENS_15regex_constants12_match_flagsESJ_[_ZN5boost12regex_searchIN9__gnu_cxx17__normal_iteratorIPKcNSt7__cxx1112basic_stringIcSt11char_traitsIcESaIcEEEEESaINS_9sub_matchISB_EEEcNS_12regex_traitsIcNS_16cpp_regex_traitsIcEEEEEEbT_SJ_RNS_13match_resultsISJ_T0_EERKNS_11basic_regexIT1_T2_EENS_15regex_constants12_match_flagsESJ_]+0xbe): undefined reference to `boost::re_detail_107400::perl_matcher<__gnu_cxx::__normal_iterator<char const*, std::__cxx11::basic_string<char, std::char_traits<char>, std::allocator<char> > >, std::allocator<boost::sub_match<__gnu_cxx::__normal_iterator<char const*, std::__cxx11::basic_string<char, std::char_traits<char>, std::allocator<char> > > > >, boost::regex_traits<char, boost::cpp_regex_traits<char> > >::find()'
[148.348s] /usr/bin/ld: CMakeFiles/cw_serv.dir/src/submodules/Copyist.cpp.o: in function `boost::re_detail_107400::perl_matcher<__gnu_cxx::__normal_iterator<char const*, std::__cxx11::basic_string<char, std::char_traits<char>, std::allocator<char> > >, std::allocator<boost::sub_match<__gnu_cxx::__normal_iterator<char const*, std::__cxx11::basic_string<char, std::char_traits<char>, std::allocator<char> > > > >, boost::regex_traits<char, boost::cpp_regex_traits<char> > >::perl_matcher(__gnu_cxx::__normal_iterator<char const*, std::__cxx11::basic_string<char, std::char_traits<char>, std::allocator<char> > >, __gnu_cxx::__normal_iterator<char const*, std::__cxx11::basic_string<char, std::char_traits<char>, std::allocator<char> > >, boost::match_results<__gnu_cxx::__normal_iterator<char const*, std::__cxx11::basic_string<char, std::char_traits<char>, std::allocator<char> > >, std::allocator<boost::sub_match<__gnu_cxx::__normal_iterator<char const*, std::__cxx11::basic_string<char, std::char_traits<char>, std::allocator<char> > > > > >&, boost::basic_regex<char, boost::regex_traits<char, boost::cpp_regex_traits<char> > > const&, boost::regex_constants::_match_flags, __gnu_cxx::__normal_iterator<char const*, std::__cxx11::basic_string<char, std::char_traits<char>, std::allocator<char> > >)':
[148.348s] Copyist.cpp:(.text._ZN5boost16re_detail_10740012perl_matcherIN9__gnu_cxx17__normal_iteratorIPKcNSt7__cxx1112basic_stringIcSt11char_traitsIcESaIcEEEEESaINS_9sub_matchISC_EEENS_12regex_traitsIcNS_16cpp_regex_traitsIcEEEEEC2ESC_SC_RNS_13match_resultsISC_SF_EERKNS_11basic_regexIcSJ_EENS_15regex_constants12_match_flagsESC_[_ZN5boost16re_detail_10740012perl_matcherIN9__gnu_cxx17__normal_iteratorIPKcNSt7__cxx1112basic_stringIcSt11char_traitsIcESaIcEEEEESaINS_9sub_matchISC_EEENS_12regex_traitsIcNS_16cpp_regex_traitsIcEEEEEC5ESC_SC_RNS_13match_resultsISC_SF_EERKNS_11basic_regexIcSJ_EENS_15regex_constants12_match_flagsESC_]+0x122): undefined reference to `boost::re_detail_107400::perl_matcher<__gnu_cxx::__normal_iterator<char const*, std::__cxx11::basic_string<char, std::char_traits<char>, std::allocator<char> > >, std::allocator<boost::sub_match<__gnu_cxx::__normal_iterator<char const*, std::__cxx11::basic_string<char, std::char_traits<char>, std::allocator<char> > > > >, boost::regex_traits<char, boost::cpp_regex_traits<char> > >::construct_init(boost::basic_regex<char, boost::regex_traits<char, boost::cpp_regex_traits<char> > > const&, boost::regex_constants::_match_flags)'
[148.384s] collect2: error: ld returned 1 exit status
[148.385s] gmake[2]: *** [CMakeFiles/cw_serv.dir/build.make:509: cw_serv] Error 1
[148.390s] gmake[1]: *** [CMakeFiles/Makefile2:138: CMakeFiles/cw_serv.dir/all] Error 2
[148.392s] gmake: *** [Makefile:146: all] Error 2
[148.434s] Invoked command in '/home/dlyvern/Projects/Dragonfly/cw_serv_ws/build/cw_serv' returned '2': CMAKE_PREFIX_PATH=/home/dlyvern/Projects/Dragonfly/cw_serv_ws/install/action_interface:/home/dlyvern/Projects/Dragonfly/cw_serv_ws/install/cw_serv:/opt/ros/humble /usr/bin/cmake --build /home/dlyvern/Projects/Dragonfly/cw_serv_ws/build/cw_serv -- -j12 -l12
